#
# There is insufficient memory for the Java Runtime Environment to continue.
# Native memory allocation (mmap) failed to map 199229440 bytes for Failed to commit area from 0x0000000742400000 to 0x000000074e200000 of length 199229440.
# Possible reasons:
#   The system is out of physical RAM or swap space
#   The process is running with CompressedOops enabled, and the Java Heap may be blocking the growth of the native heap
# Possible solutions:
#   Reduce memory load on the system
#   Increase physical memory or swap space
#   Check if swap backing store is full
#   Decrease Java heap size (-Xmx/-Xms)
#   Decrease number of Java threads
#   Decrease Java thread stack sizes (-Xss)
#   Set larger code cache with -XX:ReservedCodeCacheSize=
# This output file may be truncated or incomplete.
#
#  Out of Memory Error (./src/hotspot/os/windows/os_windows.cpp:3386), pid=17788, tid=20028
#
# JRE version:  (11.0.16.1+9) (build )
# Java VM: OpenJDK 64-Bit Server VM (11.0.16.1+9-LTS, mixed mode, sharing, tiered, compressed oops, g1 gc, windows-amd64)
# No core dump will be written. Minidumps are not enabled by default on client versions of Windows
#

---------------  S U M M A R Y ------------

Command Line: -Dmaven.multiModuleProjectDirectory=C:\Users\User\Desktop\VoitingSystem -Dmaven.home=C:\Program Files\JetBrains\IntelliJ IDEA Community Edition 2022.2.3\plugins\maven\lib\maven3 -Dclassworlds.conf=C:\Program Files\JetBrains\IntelliJ IDEA Community Edition 2022.2.3\plugins\maven\lib\maven3\bin\m2.conf -Dmaven.ext.class.path=C:\Program Files\JetBrains\IntelliJ IDEA Community Edition 2022.2.3\plugins\maven\lib\maven-event-listener.jar -javaagent:C:\Program Files\JetBrains\IntelliJ IDEA Community Edition 2022.2.3\lib\idea_rt.jar=65456:C:\Program Files\JetBrains\IntelliJ IDEA Community Edition 2022.2.3\bin -Dfile.encoding=UTF-8 org.codehaus.classworlds.Launcher -Didea.version=2022.2.3 compile

Host: Intel(R) Core(TM) i5-8265U CPU @ 1.60GHz, 8 cores, 11G,  Windows 11 , 64 bit Build 22621 (10.0.22621.3527)
Time: Wed Jun 26 16:15:07 2024 RTZ 2 (s 11 , 64 bit Build 22621 (10.0.22621.3527) elapsed time: 0.027683 seconds (0d 0h 0m 0s)

---------------  T H R E A D  ---------------

Current thread (0x000002368d25c800):  JavaThread "Unknown thread" [_thread_in_vm, id=20028, stack(0x000000e9c9100000,0x000000e9c9200000)]

Stack: [0x000000e9c9100000,0x000000e9c9200000]
Native frames: (J=compiled Java code, j=interpreted, Vv=VM code, C=native code)
V  [jvm.dll+0x61f23a]
V  [jvm.dll+0x7ac419]
V  [jvm.dll+0x7adb08]
V  [jvm.dll+0x7ae1e3]
V  [jvm.dll+0x24fa98]
V  [jvm.dll+0x61c54a]
V  [jvm.dll+0x610cf5]
V  [jvm.dll+0x3079bc]
V  [jvm.dll+0x307842]
V  [jvm.dll+0x30c556]
V  [jvm.dll+0x352bff]
V  [jvm.dll+0x352630]
V  [jvm.dll+0x2e49b8]
V  [jvm.dll+0x2e5b16]
V  [jvm.dll+0x786267]
V  [jvm.dll+0x7879ef]
V  [jvm.dll+0x35f939]
V  [jvm.dll+0x7691d0]
V  [jvm.dll+0x3cd45f]
V  [jvm.dll+0x3cf7f1]
C  [jli.dll+0x5207]
C  [ucrtbase.dll+0x29333]
C  [KERNEL32.DLL+0x1257d]
C  [ntdll.dll+0x5aa48]


---------------  P R O C E S S  ---------------

Threads class SMR info:
_java_thread_list=0x000002368b0d6320, length=0, elements={
}

Java Threads: ( => current thread )

Other Threads:
  0x000002368d277800 GCTaskThread "GC Thread#0" [stack: 0x000000e9c9200000,0x000000e9c9300000] [id=9880]
  0x000002368d2bd000 ConcurrentGCThread "G1 Main Marker" [stack: 0x000000e9c9300000,0x000000e9c9400000] [id=3592]
  0x000002368d2be000 ConcurrentGCThread "G1 Conc#0" [stack: 0x000000e9c9400000,0x000000e9c9500000] [id=12072]

[error occurred during error reporting (printing all threads), id 0xc0000005, EXCEPTION_ACCESS_VIOLATION (0xc0000005) at pc=0x00007ffe596e4187]

VM state:not at safepoint (not fully initialized)

VM Mutex/Monitor currently owned by a thread:  ([mutex/lock_event])
[0x000002368d258bc0] Heap_lock - owner thread: 0x000002368d25c800

Heap address: 0x0000000742400000, size: 3036 MB, Compressed Oops mode: Non-zero based: 0x0000000742400000
Narrow klass base: 0x0000000000000000, Narrow klass shift: 0

GC Heap History (0 events):
No events

Deoptimization events (0 events):
No events

Classes redefined (0 events):
No events

Internal exceptions (0 events):
No events

Events (1 events):
Event: 0.020 Loaded shared library C:\Users\User\.jdks\corretto-11.0.16.1\bin\zip.dll


Dynamic libraries:
0x00007ff71ea70000 - 0x00007ff71ea7d000 	C:\Users\User\.jdks\corretto-11.0.16.1\bin\java.exe
0x00007ffea4ed0000 - 0x00007ffea50e7000 	C:\WINDOWS\SYSTEM32\ntdll.dll
0x00007ffea41f0000 - 0x00007ffea42b4000 	C:\WINDOWS\System32\KERNEL32.DLL
0x00007ffea2640000 - 0x00007ffea29e7000 	C:\WINDOWS\System32\KERNELBASE.dll
0x00007ffea2520000 - 0x00007ffea2631000 	C:\WINDOWS\System32\ucrtbase.dll
0x00007ffe9ba60000 - 0x00007ffe9ba77000 	C:\Users\User\.jdks\corretto-11.0.16.1\bin\jli.dll
0x00007ffe9ba80000 - 0x00007ffe9ba99000 	C:\Users\User\.jdks\corretto-11.0.16.1\bin\VCRUNTIME140.dll
0x00007ffea4040000 - 0x00007ffea41ee000 	C:\WINDOWS\System32\USER32.dll
0x00007ffe84100000 - 0x00007ffe84393000 	C:\WINDOWS\WinSxS\amd64_microsoft.windows.common-controls_6595b64144ccf1df_6.0.22621.3527_none_270e469b73872a76\COMCTL32.dll
0x00007ffea2390000 - 0x00007ffea23b6000 	C:\WINDOWS\System32\win32u.dll
0x00007ffea4d10000 - 0x00007ffea4db7000 	C:\WINDOWS\System32\msvcrt.dll
0x00007ffea3ef0000 - 0x00007ffea3f19000 	C:\WINDOWS\System32\GDI32.dll
0x00007ffea2270000 - 0x00007ffea2389000 	C:\WINDOWS\System32\gdi32full.dll
0x00007ffea2480000 - 0x00007ffea251a000 	C:\WINDOWS\System32\msvcp_win.dll
0x00007ffea4dc0000 - 0x00007ffea4df1000 	C:\WINDOWS\System32\IMM32.DLL
0x00007ffe88b70000 - 0x00007ffe88c0b000 	C:\Users\User\.jdks\corretto-11.0.16.1\bin\msvcp140.dll
0x00007ffe593f0000 - 0x00007ffe59f74000 	C:\Users\User\.jdks\corretto-11.0.16.1\bin\server\jvm.dll
0x00007ffea42c0000 - 0x00007ffea4372000 	C:\WINDOWS\System32\ADVAPI32.dll
0x00007ffea4630000 - 0x00007ffea46d8000 	C:\WINDOWS\System32\sechost.dll
0x00007ffea29f0000 - 0x00007ffea2a18000 	C:\WINDOWS\System32\bcrypt.dll
0x00007ffea46e0000 - 0x00007ffea47f5000 	C:\WINDOWS\System32\RPCRT4.dll
0x00007ffea45a0000 - 0x00007ffea45a8000 	C:\WINDOWS\System32\PSAPI.DLL
0x00007ffe82ab0000 - 0x00007ffe82ab9000 	C:\WINDOWS\SYSTEM32\WSOCK32.dll
0x00007ffe9ba10000 - 0x00007ffe9ba44000 	C:\WINDOWS\SYSTEM32\WINMM.dll
0x00007ffe9ab80000 - 0x00007ffe9ab8a000 	C:\WINDOWS\SYSTEM32\VERSION.dll
0x00007ffea4e00000 - 0x00007ffea4e71000 	C:\WINDOWS\System32\WS2_32.dll
0x00007ffea11d0000 - 0x00007ffea11e8000 	C:\WINDOWS\SYSTEM32\kernel.appcore.dll
0x00007ffe9e140000 - 0x00007ffe9e150000 	C:\Users\User\.jdks\corretto-11.0.16.1\bin\verify.dll
0x00007ffe9f860000 - 0x00007ffe9fa92000 	C:\WINDOWS\SYSTEM32\DBGHELP.DLL
0x00007ffea4800000 - 0x00007ffea4b88000 	C:\WINDOWS\System32\combase.dll
0x00007ffea2c00000 - 0x00007ffea2cd7000 	C:\WINDOWS\System32\OLEAUT32.dll
0x00007ffe98d50000 - 0x00007ffe98d82000 	C:\WINDOWS\SYSTEM32\dbgcore.DLL
0x00007ffea21f0000 - 0x00007ffea2269000 	C:\WINDOWS\System32\bcryptPrimitives.dll
0x00007ffe8ffc0000 - 0x00007ffe8ffe8000 	C:\Users\User\.jdks\corretto-11.0.16.1\bin\java.dll
0x00007ffe9c6e0000 - 0x00007ffe9c6ea000 	C:\Users\User\.jdks\corretto-11.0.16.1\bin\jimage.dll
0x00007ffe9c360000 - 0x00007ffe9c36e000 	C:\Users\User\.jdks\corretto-11.0.16.1\bin\instrument.dll
0x00007ffe99770000 - 0x00007ffe99788000 	C:\Users\User\.jdks\corretto-11.0.16.1\bin\zip.dll

dbghelp: loaded successfully - version: 4.0.5 - missing functions: none
symbol engine: initialized successfully - sym options: 0x614 - pdb path: .;C:\Users\User\.jdks\corretto-11.0.16.1\bin;C:\WINDOWS\SYSTEM32;C:\WINDOWS\WinSxS\amd64_microsoft.windows.common-controls_6595b64144ccf1df_6.0.22621.3527_none_270e469b73872a76;C:\Users\User\.jdks\corretto-11.0.16.1\bin\server

VM Arguments:
jvm_args: -Dmaven.multiModuleProjectDirectory=C:\Users\User\Desktop\VoitingSystem -Dmaven.home=C:\Program Files\JetBrains\IntelliJ IDEA Community Edition 2022.2.3\plugins\maven\lib\maven3 -Dclassworlds.conf=C:\Program Files\JetBrains\IntelliJ IDEA Community Edition 2022.2.3\plugins\maven\lib\maven3\bin\m2.conf -Dmaven.ext.class.path=C:\Program Files\JetBrains\IntelliJ IDEA Community Edition 2022.2.3\plugins\maven\lib\maven-event-listener.jar -javaagent:C:\Program Files\JetBrains\IntelliJ IDEA Community Edition 2022.2.3\lib\idea_rt.jar=65456:C:\Program Files\JetBrains\IntelliJ IDEA Community Edition 2022.2.3\bin -Dfile.encoding=UTF-8 
java_command: org.codehaus.classworlds.Launcher -Didea.version=2022.2.3 compile
java_class_path (initial): C:\Program Files\JetBrains\IntelliJ IDEA Community Edition 2022.2.3\plugins\maven\lib\maven3\boot\plexus-classworlds-2.6.0.jar;C:\Program Files\JetBrains\IntelliJ IDEA Community Edition 2022.2.3\plugins\maven\lib\maven3\boot\plexus-classworlds.license
Launcher Type: SUN_STANDARD

[Global flags]
     intx CICompilerCount                          = 4                                         {product} {ergonomic}
     uint ConcGCThreads                            = 2                                         {product} {ergonomic}
     uint G1ConcRefinementThreads                  = 8                                         {product} {ergonomic}
   size_t G1HeapRegionSize                         = 1048576                                   {product} {ergonomic}
    uintx GCDrainStackTargetSize                   = 64                                        {product} {ergonomic}
   size_t InitialHeapSize                          = 199229440                                 {product} {ergonomic}
   size_t MarkStackSize                            = 4194304                                   {product} {ergonomic}
   size_t MaxHeapSize                              = 3183476736                                {product} {ergonomic}
   size_t MinHeapDeltaBytes                        = 1048576                                   {product} {ergonomic}
    uintx NonNMethodCodeHeapSize                   = 5836300                                {pd product} {ergonomic}
    uintx NonProfiledCodeHeapSize                  = 122910970                              {pd product} {ergonomic}
    uintx ProfiledCodeHeapSize                     = 122910970                              {pd product} {ergonomic}
    uintx ReservedCodeCacheSize                    = 251658240                              {pd product} {ergonomic}
     bool SegmentedCodeCache                       = true                                      {product} {ergonomic}
     bool UseCompressedClassPointers               = true                                 {lp64_product} {ergonomic}
     bool UseCompressedOops                        = true                                 {lp64_product} {ergonomic}
     bool UseG1GC                                  = true                                      {product} {ergonomic}
     bool UseLargePagesIndividualAllocation        = false                                  {pd product} {ergonomic}

Logging:
Log output configuration:
 #0: stdout all=warning uptime,level,tags
 #1: stderr all=off uptime,level,tags

Environment Variables:
PATH=C:\Program Files (x86)\Common Files\Oracle\Java\javapath;C:\Windows\system32;C:\Windows;C:\Windows\System32\Wbem;C:\Windows\System32\WindowsPowerShell\v1.0\;C:\Windows\System32\OpenSSH\;C:\Program Files (x86)\NVIDIA Corporation\PhysX\Common;C:\Program Files\NVIDIA Corporation\NVIDIA NvDLISR;C:\Program Files (x86)\Common Files\Acronis\SnapAPI\;C:\WINDOWS\system32;C:\WINDOWS;C:\WINDOWS\System32\Wbem;C:\WINDOWS\System32\WindowsPowerShell\v1.0\;C:\WINDOWS\System32\OpenSSH\;C:\Program Files\Git\cmd;C:\Program Files\SafeNet\Authentication\SAC\x64;C:\Program Files\SafeNet\Authentication\SAC\x32;C:\Program Files\Docker\Docker\resources\bin;C:\Users\User\AppData\Local\Microsoft\WindowsApps;;C:\Program Files\JetBrains\IntelliJ IDEA Community Edition 2022.2.3\bin;
USERNAME=User
OS=Windows_NT
PROCESSOR_IDENTIFIER=Intel64 Family 6 Model 142 Stepping 11, GenuineIntel
TMP=C:\Users\User\AppData\Local\Temp
TEMP=C:\Users\User\AppData\Local\Temp



---------------  S Y S T E M  ---------------

OS: Windows 11 , 64 bit Build 22621 (10.0.22621.3527)
OS uptime: 8 days 2:16 hours
Hyper-V role detected

CPU:total 8 (initial active 8) (4 cores per cpu, 2 threads per core) family 6 model 142 stepping 11 microcode 0xde, cmov, cx8, fxsr, mmx, sse, sse2, sse3, ssse3, sse4.1, sse4.2, popcnt, avx, avx2, aes, clmul, erms, 3dnowpref, lzcnt, ht, tsc, tscinvbit, bmi1, bmi2, adx, fma

Memory: 4k page, system-wide physical 12136M (4216M free)
TotalPageFile size 12136M (AvailPageFile size 125M)
current process WorkingSet (physical memory assigned to process): 11M, peak: 11M
current process commit charge ("private bytes"): 60M, peak: 250M

vm_info: OpenJDK 64-Bit Server VM (11.0.16.1+9-LTS) for windows-amd64 JRE (11.0.16.1+9-LTS), built on Aug 12 2022 20:01:58 by "Administrator" with MS VC++ 15.9 (VS2017)

END.
