#
# There is insufficient memory for the Java Runtime Environment to continue.
# Native memory allocation (malloc) failed to allocate 1048576 bytes for AllocateHeap
# Possible reasons:
#   The system is out of physical RAM or swap space
#   The process is running with CompressedOops enabled, and the Java Heap may be blocking the growth of the native heap
# Possible solutions:
#   Reduce memory load on the system
#   Increase physical memory or swap space
#   Check if swap backing store is full
#   Decrease Java heap size (-Xmx/-Xms)
#   Decrease number of Java threads
#   Decrease Java thread stack sizes (-Xss)
#   Set larger code cache with -XX:ReservedCodeCacheSize=
#   JVM is running with Zero Based Compressed Oops mode in which the Java heap is
#     placed in the first 32GB address space. The Java Heap base address is the
#     maximum limit for the native heap growth. Please use -XX:HeapBaseMinAddress
#     to set the Java Heap base and to place the Java Heap above 32GB virtual address.
# This output file may be truncated or incomplete.
#
#  Out of Memory Error (./src/hotspot/share/memory/allocation.cpp:46), pid=17080, tid=6352
#
# JRE version: OpenJDK Runtime Environment Corretto-11.0.16.9.1 (11.0.16.1+9) (build 11.0.16.1+9-LTS)
# Java VM: OpenJDK 64-Bit Server VM Corretto-11.0.16.9.1 (11.0.16.1+9-LTS, mixed mode, tiered, compressed oops, g1 gc, windows-amd64)
# No core dump will be written. Minidumps are not enabled by default on client versions of Windows
#

---------------  S U M M A R Y ------------

Command Line: -javaagent:C:\Program Files\JetBrains\IntelliJ IDEA Community Edition 2022.2.3\lib\idea_rt.jar=54204:C:\Program Files\JetBrains\IntelliJ IDEA Community Edition 2022.2.3\bin -Dfile.encoding=UTF-8 voting.AppRunner

Host: Intel(R) Core(TM) i5-8265U CPU @ 1.60GHz, 8 cores, 11G,  Windows 11 , 64 bit Build 22621 (10.0.22621.3527)
Time: Thu Jun 20 18:21:54 2024 RTZ 2 (s 11 , 64 bit Build 22621 (10.0.22621.3527) elapsed time: 12.640689 seconds (0d 0h 0m 12s)

---------------  T H R E A D  ---------------

Current thread (0x0000022d3bb17800):  VMThread "VM Thread" [stack: 0x0000007f44000000,0x0000007f44100000] [id=6352]

Stack: [0x0000007f44000000,0x0000007f44100000]
[error occurred during error reporting (printing stack bounds), id 0xc0000005, EXCEPTION_ACCESS_VIOLATION (0xc0000005) at pc=0x0000022d224b112d]

Native frames: (J=compiled Java code, j=interpreted, Vv=VM code, C=native code)
V  [jvm.dll+0x61f23a]
V  [jvm.dll+0x7ac419]
V  [jvm.dll+0x7adb08]
V  [jvm.dll+0x7ae145]
V  [jvm.dll+0x7ae0fb]
V  [jvm.dll+0x61e5c7]
V  [jvm.dll+0x61ecd8]
C  [ntdll.dll+0xa49ff]
C  [ntdll.dll+0x1e466]
C  [ntdll.dll+0xa39ee]
C  0x0000022d224b112d

VM_Operation (0x0000007f43afced0): CollectForMetadataAllocation, mode: safepoint, requested by thread 0x0000022d19d5d000


---------------  P R O C E S S  ---------------

Threads class SMR info:
_java_thread_list=0x0000022d3bec5390, length=11, elements={
0x0000022d19d5d000, 0x0000022d3bb41800, 0x0000022d3bb4a000, 0x0000022d3bba1000,
0x0000022d3bba2000, 0x0000022d3bba3800, 0x0000022d3bba6800, 0x0000022d3bbab000,
0x0000022d3bbac000, 0x0000022d3bd1d800, 0x0000022d3c0e9800
}

Java Threads: ( => current thread )
  0x0000022d19d5d000 JavaThread "main" [_thread_blocked, id=13028, stack(0x0000007f43a00000,0x0000007f43b00000)]
  0x0000022d3bb41800 JavaThread "Reference Handler" daemon [_thread_blocked, id=6580, stack(0x0000007f44100000,0x0000007f44200000)]
  0x0000022d3bb4a000 JavaThread "Finalizer" daemon [_thread_blocked, id=18416, stack(0x0000007f44200000,0x0000007f44300000)]
  0x0000022d3bba1000 JavaThread "Signal Dispatcher" daemon [_thread_blocked, id=1852, stack(0x0000007f44300000,0x0000007f44400000)]
  0x0000022d3bba2000 JavaThread "Attach Listener" daemon [_thread_blocked, id=15612, stack(0x0000007f44400000,0x0000007f44500000)]
  0x0000022d3bba3800 JavaThread "Service Thread" daemon [_thread_blocked, id=14204, stack(0x0000007f44500000,0x0000007f44600000)]
  0x0000022d3bba6800 JavaThread "C2 CompilerThread0" daemon [_thread_blocked, id=14356, stack(0x0000007f44600000,0x0000007f44700000)]
  0x0000022d3bbab000 JavaThread "C1 CompilerThread0" daemon [_thread_blocked, id=8800, stack(0x0000007f44700000,0x0000007f44800000)]
  0x0000022d3bbac000 JavaThread "Sweeper thread" daemon [_thread_blocked, id=14152, stack(0x0000007f44800000,0x0000007f44900000)]
  0x0000022d3bd1d800 JavaThread "Common-Cleaner" daemon [_thread_blocked, id=16092, stack(0x0000007f44900000,0x0000007f44a00000)]
  0x0000022d3c0e9800 JavaThread "Monitor Ctrl-Break" daemon [_thread_in_native, id=17004, stack(0x0000007f44b00000,0x0000007f44c00000)]

Other Threads:
=>0x0000022d3bb17800 VMThread "VM Thread" [stack: 0x0000007f44000000,0x0000007f44100000] [id=6352]
  0x0000022d3c0ee000 WatcherThread [stack: 0x0000007f44c00000,0x0000007f44d00000] [id=12960]
  0x0000022d19d76000 GCTaskThread "GC Thread#0" [stack: 0x0000007f43b00000,0x0000007f43c00000] [id=7924]
  0x0000022d3c303800 GCTaskThread "GC Thread#1" [stack: 0x0000007f44d00000,0x0000007f44e00000] [id=3428]
  0x0000022d3c358000 GCTaskThread "GC Thread#2" [stack: 0x0000007f44e00000,0x0000007f44f00000] [id=6612]
  0x0000022d3c358800 GCTaskThread "GC Thread#3" [stack: 0x0000007f44f00000,0x0000007f45000000] [id=19356]
  0x0000022d19dbd800 ConcurrentGCThread "G1 Main Marker" [stack: 0x0000007f43c00000,0x0000007f43d00000] [id=5564]
  0x0000022d19dbe800 ConcurrentGCThread "G1 Conc#0" [stack: 0x0000007f43d00000,0x0000007f43e00000] [id=18712]
  0x0000022d3bec7000 ConcurrentGCThread "G1 Conc#1" [stack: 0x0000007f45000000,0x0000007f45100000] [id=19132]
  0x0000022d19e2e000 ConcurrentGCThread "G1 Refine#0" [stack: 0x0000007f43e00000,0x0000007f43f00000] [id=17596]
  0x0000022d3b17f800 ConcurrentGCThread "G1 Young RemSet Sampling" [stack: 0x0000007f43f00000,0x0000007f44000000] [id=18556]

Threads with active compile tasks:

VM state:at safepoint (normal execution)

VM Mutex/Monitor currently owned by a thread:  ([mutex/lock_event])
[0x0000022d19d57f40] Threads_lock - owner thread: 0x0000022d3bb17800
[0x0000022d19d58f00] Heap_lock - owner thread: 0x0000022d19d5d000

Heap address: 0x0000000742400000, size: 3036 MB, Compressed Oops mode: Zero based, Oop shift amount: 3
Narrow klass base: 0x0000000800000000, Narrow klass shift: 0
Compressed class space size: 1073741824 Address: 0x0000000800000000

Heap:
 garbage-first heap   total 194560K, used 2128K [0x0000000742400000, 0x0000000800000000)
  region size 1024K, 3 young (3072K), 3 survivors (3072K)
 Metaspace       used 10813K, capacity 11058K, committed 11136K, reserved 1067008K
  class space    used 1041K, capacity 1137K, committed 1152K, reserved 1048576K
Heap Regions: E=young(eden), S=young(survivor), O=old, HS=humongous(starts), HC=humongous(continues), CS=collection set, F=free, A=archive, TAMS=top-at-mark-start (previous, next)
|   0|0x0000000742400000, 0x0000000742400000, 0x0000000742500000|  0%| F|  |TAMS 0x0000000742400000, 0x0000000742400000| Untracked 
|   1|0x0000000742500000, 0x0000000742500000, 0x0000000742600000|  0%| F|  |TAMS 0x0000000742500000, 0x0000000742500000| Untracked 
|   2|0x0000000742600000, 0x0000000742600000, 0x0000000742700000|  0%| F|  |TAMS 0x0000000742600000, 0x0000000742600000| Untracked 
|   3|0x0000000742700000, 0x0000000742700000, 0x0000000742800000|  0%| F|  |TAMS 0x0000000742700000, 0x0000000742700000| Untracked 
|   4|0x0000000742800000, 0x0000000742800000, 0x0000000742900000|  0%| F|  |TAMS 0x0000000742800000, 0x0000000742800000| Untracked 
|   5|0x0000000742900000, 0x0000000742900000, 0x0000000742a00000|  0%| F|  |TAMS 0x0000000742900000, 0x0000000742900000| Untracked 
|   6|0x0000000742a00000, 0x0000000742a00000, 0x0000000742b00000|  0%| F|  |TAMS 0x0000000742a00000, 0x0000000742a00000| Untracked 
|   7|0x0000000742b00000, 0x0000000742b00000, 0x0000000742c00000|  0%| F|  |TAMS 0x0000000742b00000, 0x0000000742b00000| Untracked 
|   8|0x0000000742c00000, 0x0000000742c00000, 0x0000000742d00000|  0%| F|  |TAMS 0x0000000742c00000, 0x0000000742c00000| Untracked 
|   9|0x0000000742d00000, 0x0000000742d00000, 0x0000000742e00000|  0%| F|  |TAMS 0x0000000742d00000, 0x0000000742d00000| Untracked 
|  10|0x0000000742e00000, 0x0000000742e00000, 0x0000000742f00000|  0%| F|  |TAMS 0x0000000742e00000, 0x0000000742e00000| Untracked 
|  11|0x0000000742f00000, 0x0000000742f00000, 0x0000000743000000|  0%| F|  |TAMS 0x0000000742f00000, 0x0000000742f00000| Untracked 
|  12|0x0000000743000000, 0x0000000743000000, 0x0000000743100000|  0%| F|  |TAMS 0x0000000743000000, 0x0000000743000000| Untracked 
|  13|0x0000000743100000, 0x0000000743100000, 0x0000000743200000|  0%| F|  |TAMS 0x0000000743100000, 0x0000000743100000| Untracked 
|  14|0x0000000743200000, 0x0000000743200000, 0x0000000743300000|  0%| F|  |TAMS 0x0000000743200000, 0x0000000743200000| Untracked 
|  15|0x0000000743300000, 0x0000000743300000, 0x0000000743400000|  0%| F|  |TAMS 0x0000000743300000, 0x0000000743300000| Untracked 
|  16|0x0000000743400000, 0x0000000743400000, 0x0000000743500000|  0%| F|  |TAMS 0x0000000743400000, 0x0000000743400000| Untracked 
|  17|0x0000000743500000, 0x0000000743500000, 0x0000000743600000|  0%| F|  |TAMS 0x0000000743500000, 0x0000000743500000| Untracked 
|  18|0x0000000743600000, 0x0000000743600000, 0x0000000743700000|  0%| F|  |TAMS 0x0000000743600000, 0x0000000743600000| Untracked 
|  19|0x0000000743700000, 0x0000000743700000, 0x0000000743800000|  0%| F|  |TAMS 0x0000000743700000, 0x0000000743700000| Untracked 
|  20|0x0000000743800000, 0x0000000743800000, 0x0000000743900000|  0%| F|  |TAMS 0x0000000743800000, 0x0000000743800000| Untracked 
|  21|0x0000000743900000, 0x0000000743900000, 0x0000000743a00000|  0%| F|  |TAMS 0x0000000743900000, 0x0000000743900000| Untracked 
|  22|0x0000000743a00000, 0x0000000743a00000, 0x0000000743b00000|  0%| F|  |TAMS 0x0000000743a00000, 0x0000000743a00000| Untracked 
|  23|0x0000000743b00000, 0x0000000743b00000, 0x0000000743c00000|  0%| F|  |TAMS 0x0000000743b00000, 0x0000000743b00000| Untracked 
|  24|0x0000000743c00000, 0x0000000743c00000, 0x0000000743d00000|  0%| F|  |TAMS 0x0000000743c00000, 0x0000000743c00000| Untracked 
|  25|0x0000000743d00000, 0x0000000743d00000, 0x0000000743e00000|  0%| F|  |TAMS 0x0000000743d00000, 0x0000000743d00000| Untracked 
|  26|0x0000000743e00000, 0x0000000743e00000, 0x0000000743f00000|  0%| F|  |TAMS 0x0000000743e00000, 0x0000000743e00000| Untracked 
|  27|0x0000000743f00000, 0x0000000743f00000, 0x0000000744000000|  0%| F|  |TAMS 0x0000000743f00000, 0x0000000743f00000| Untracked 
|  28|0x0000000744000000, 0x0000000744000000, 0x0000000744100000|  0%| F|  |TAMS 0x0000000744000000, 0x0000000744000000| Untracked 
|  29|0x0000000744100000, 0x0000000744100000, 0x0000000744200000|  0%| F|  |TAMS 0x0000000744100000, 0x0000000744100000| Untracked 
|  30|0x0000000744200000, 0x0000000744200000, 0x0000000744300000|  0%| F|  |TAMS 0x0000000744200000, 0x0000000744200000| Untracked 
|  31|0x0000000744300000, 0x0000000744300000, 0x0000000744400000|  0%| F|  |TAMS 0x0000000744300000, 0x0000000744300000| Untracked 
|  32|0x0000000744400000, 0x0000000744400000, 0x0000000744500000|  0%| F|  |TAMS 0x0000000744400000, 0x0000000744400000| Untracked 
|  33|0x0000000744500000, 0x0000000744500000, 0x0000000744600000|  0%| F|  |TAMS 0x0000000744500000, 0x0000000744500000| Untracked 
|  34|0x0000000744600000, 0x0000000744600000, 0x0000000744700000|  0%| F|  |TAMS 0x0000000744600000, 0x0000000744600000| Untracked 
|  35|0x0000000744700000, 0x0000000744700000, 0x0000000744800000|  0%| F|  |TAMS 0x0000000744700000, 0x0000000744700000| Untracked 
|  36|0x0000000744800000, 0x0000000744800000, 0x0000000744900000|  0%| F|  |TAMS 0x0000000744800000, 0x0000000744800000| Untracked 
|  37|0x0000000744900000, 0x0000000744900000, 0x0000000744a00000|  0%| F|  |TAMS 0x0000000744900000, 0x0000000744900000| Untracked 
|  38|0x0000000744a00000, 0x0000000744a00000, 0x0000000744b00000|  0%| F|  |TAMS 0x0000000744a00000, 0x0000000744a00000| Untracked 
|  39|0x0000000744b00000, 0x0000000744b00000, 0x0000000744c00000|  0%| F|  |TAMS 0x0000000744b00000, 0x0000000744b00000| Untracked 
|  40|0x0000000744c00000, 0x0000000744c00000, 0x0000000744d00000|  0%| F|  |TAMS 0x0000000744c00000, 0x0000000744c00000| Untracked 
|  41|0x0000000744d00000, 0x0000000744d00000, 0x0000000744e00000|  0%| F|  |TAMS 0x0000000744d00000, 0x0000000744d00000| Untracked 
|  42|0x0000000744e00000, 0x0000000744e00000, 0x0000000744f00000|  0%| F|  |TAMS 0x0000000744e00000, 0x0000000744e00000| Untracked 
|  43|0x0000000744f00000, 0x0000000744f00000, 0x0000000745000000|  0%| F|  |TAMS 0x0000000744f00000, 0x0000000744f00000| Untracked 
|  44|0x0000000745000000, 0x0000000745000000, 0x0000000745100000|  0%| F|  |TAMS 0x0000000745000000, 0x0000000745000000| Untracked 
|  45|0x0000000745100000, 0x0000000745100000, 0x0000000745200000|  0%| F|  |TAMS 0x0000000745100000, 0x0000000745100000| Untracked 
|  46|0x0000000745200000, 0x0000000745200000, 0x0000000745300000|  0%| F|  |TAMS 0x0000000745200000, 0x0000000745200000| Untracked 
|  47|0x0000000745300000, 0x0000000745300000, 0x0000000745400000|  0%| F|  |TAMS 0x0000000745300000, 0x0000000745300000| Untracked 
|  48|0x0000000745400000, 0x0000000745400000, 0x0000000745500000|  0%| F|  |TAMS 0x0000000745400000, 0x0000000745400000| Untracked 
|  49|0x0000000745500000, 0x0000000745500000, 0x0000000745600000|  0%| F|  |TAMS 0x0000000745500000, 0x0000000745500000| Untracked 
|  50|0x0000000745600000, 0x0000000745600000, 0x0000000745700000|  0%| F|  |TAMS 0x0000000745600000, 0x0000000745600000| Untracked 
|  51|0x0000000745700000, 0x0000000745700000, 0x0000000745800000|  0%| F|  |TAMS 0x0000000745700000, 0x0000000745700000| Untracked 
|  52|0x0000000745800000, 0x0000000745800000, 0x0000000745900000|  0%| F|  |TAMS 0x0000000745800000, 0x0000000745800000| Untracked 
|  53|0x0000000745900000, 0x0000000745900000, 0x0000000745a00000|  0%| F|  |TAMS 0x0000000745900000, 0x0000000745900000| Untracked 
|  54|0x0000000745a00000, 0x0000000745a00000, 0x0000000745b00000|  0%| F|  |TAMS 0x0000000745a00000, 0x0000000745a00000| Untracked 
|  55|0x0000000745b00000, 0x0000000745b00000, 0x0000000745c00000|  0%| F|  |TAMS 0x0000000745b00000, 0x0000000745b00000| Untracked 
|  56|0x0000000745c00000, 0x0000000745c00000, 0x0000000745d00000|  0%| F|  |TAMS 0x0000000745c00000, 0x0000000745c00000| Untracked 
|  57|0x0000000745d00000, 0x0000000745d00000, 0x0000000745e00000|  0%| F|  |TAMS 0x0000000745d00000, 0x0000000745d00000| Untracked 
|  58|0x0000000745e00000, 0x0000000745e00000, 0x0000000745f00000|  0%| F|  |TAMS 0x0000000745e00000, 0x0000000745e00000| Untracked 
|  59|0x0000000745f00000, 0x0000000745f00000, 0x0000000746000000|  0%| F|  |TAMS 0x0000000745f00000, 0x0000000745f00000| Untracked 
|  60|0x0000000746000000, 0x0000000746000000, 0x0000000746100000|  0%| F|  |TAMS 0x0000000746000000, 0x0000000746000000| Untracked 
|  61|0x0000000746100000, 0x0000000746100000, 0x0000000746200000|  0%| F|  |TAMS 0x0000000746100000, 0x0000000746100000| Untracked 
|  62|0x0000000746200000, 0x0000000746200000, 0x0000000746300000|  0%| F|  |TAMS 0x0000000746200000, 0x0000000746200000| Untracked 
|  63|0x0000000746300000, 0x0000000746300000, 0x0000000746400000|  0%| F|  |TAMS 0x0000000746300000, 0x0000000746300000| Untracked 
|  64|0x0000000746400000, 0x0000000746400000, 0x0000000746500000|  0%| F|  |TAMS 0x0000000746400000, 0x0000000746400000| Untracked 
|  65|0x0000000746500000, 0x0000000746500000, 0x0000000746600000|  0%| F|  |TAMS 0x0000000746500000, 0x0000000746500000| Untracked 
|  66|0x0000000746600000, 0x0000000746600000, 0x0000000746700000|  0%| F|  |TAMS 0x0000000746600000, 0x0000000746600000| Untracked 
|  67|0x0000000746700000, 0x0000000746700000, 0x0000000746800000|  0%| F|  |TAMS 0x0000000746700000, 0x0000000746700000| Untracked 
|  68|0x0000000746800000, 0x0000000746800000, 0x0000000746900000|  0%| F|  |TAMS 0x0000000746800000, 0x0000000746800000| Untracked 
|  69|0x0000000746900000, 0x0000000746900000, 0x0000000746a00000|  0%| F|  |TAMS 0x0000000746900000, 0x0000000746900000| Untracked 
|  70|0x0000000746a00000, 0x0000000746a00000, 0x0000000746b00000|  0%| F|  |TAMS 0x0000000746a00000, 0x0000000746a00000| Untracked 
|  71|0x0000000746b00000, 0x0000000746b00000, 0x0000000746c00000|  0%| F|  |TAMS 0x0000000746b00000, 0x0000000746b00000| Untracked 
|  72|0x0000000746c00000, 0x0000000746c00000, 0x0000000746d00000|  0%| F|  |TAMS 0x0000000746c00000, 0x0000000746c00000| Untracked 
|  73|0x0000000746d00000, 0x0000000746d00000, 0x0000000746e00000|  0%| F|  |TAMS 0x0000000746d00000, 0x0000000746d00000| Untracked 
|  74|0x0000000746e00000, 0x0000000746e00000, 0x0000000746f00000|  0%| F|  |TAMS 0x0000000746e00000, 0x0000000746e00000| Untracked 
|  75|0x0000000746f00000, 0x0000000746f00000, 0x0000000747000000|  0%| F|  |TAMS 0x0000000746f00000, 0x0000000746f00000| Untracked 
|  76|0x0000000747000000, 0x0000000747000000, 0x0000000747100000|  0%| F|  |TAMS 0x0000000747000000, 0x0000000747000000| Untracked 
|  77|0x0000000747100000, 0x0000000747100000, 0x0000000747200000|  0%| F|  |TAMS 0x0000000747100000, 0x0000000747100000| Untracked 
|  78|0x0000000747200000, 0x0000000747200000, 0x0000000747300000|  0%| F|  |TAMS 0x0000000747200000, 0x0000000747200000| Untracked 
|  79|0x0000000747300000, 0x0000000747300000, 0x0000000747400000|  0%| F|  |TAMS 0x0000000747300000, 0x0000000747300000| Untracked 
|  80|0x0000000747400000, 0x0000000747400000, 0x0000000747500000|  0%| F|  |TAMS 0x0000000747400000, 0x0000000747400000| Untracked 
|  81|0x0000000747500000, 0x0000000747500000, 0x0000000747600000|  0%| F|  |TAMS 0x0000000747500000, 0x0000000747500000| Untracked 
|  82|0x0000000747600000, 0x0000000747600000, 0x0000000747700000|  0%| F|  |TAMS 0x0000000747600000, 0x0000000747600000| Untracked 
|  83|0x0000000747700000, 0x0000000747700000, 0x0000000747800000|  0%| F|  |TAMS 0x0000000747700000, 0x0000000747700000| Untracked 
|  84|0x0000000747800000, 0x0000000747800000, 0x0000000747900000|  0%| F|  |TAMS 0x0000000747800000, 0x0000000747800000| Untracked 
|  85|0x0000000747900000, 0x0000000747900000, 0x0000000747a00000|  0%| F|  |TAMS 0x0000000747900000, 0x0000000747900000| Untracked 
|  86|0x0000000747a00000, 0x0000000747a00000, 0x0000000747b00000|  0%| F|  |TAMS 0x0000000747a00000, 0x0000000747a00000| Untracked 
|  87|0x0000000747b00000, 0x0000000747b00000, 0x0000000747c00000|  0%| F|  |TAMS 0x0000000747b00000, 0x0000000747b00000| Untracked 
|  88|0x0000000747c00000, 0x0000000747c00000, 0x0000000747d00000|  0%| F|  |TAMS 0x0000000747c00000, 0x0000000747c00000| Untracked 
|  89|0x0000000747d00000, 0x0000000747d00000, 0x0000000747e00000|  0%| F|  |TAMS 0x0000000747d00000, 0x0000000747d00000| Untracked 
|  90|0x0000000747e00000, 0x0000000747e00000, 0x0000000747f00000|  0%| F|  |TAMS 0x0000000747e00000, 0x0000000747e00000| Untracked 
|  91|0x0000000747f00000, 0x0000000747f00000, 0x0000000748000000|  0%| F|  |TAMS 0x0000000747f00000, 0x0000000747f00000| Untracked 
|  92|0x0000000748000000, 0x0000000748000000, 0x0000000748100000|  0%| F|  |TAMS 0x0000000748000000, 0x0000000748000000| Untracked 
|  93|0x0000000748100000, 0x0000000748100000, 0x0000000748200000|  0%| F|  |TAMS 0x0000000748100000, 0x0000000748100000| Untracked 
|  94|0x0000000748200000, 0x0000000748200000, 0x0000000748300000|  0%| F|  |TAMS 0x0000000748200000, 0x0000000748200000| Untracked 
|  95|0x0000000748300000, 0x0000000748300000, 0x0000000748400000|  0%| F|  |TAMS 0x0000000748300000, 0x0000000748300000| Untracked 
|  96|0x0000000748400000, 0x0000000748400000, 0x0000000748500000|  0%| F|  |TAMS 0x0000000748400000, 0x0000000748400000| Untracked 
|  97|0x0000000748500000, 0x0000000748500000, 0x0000000748600000|  0%| F|  |TAMS 0x0000000748500000, 0x0000000748500000| Untracked 
|  98|0x0000000748600000, 0x0000000748600000, 0x0000000748700000|  0%| F|  |TAMS 0x0000000748600000, 0x0000000748600000| Untracked 
|  99|0x0000000748700000, 0x0000000748700000, 0x0000000748800000|  0%| F|  |TAMS 0x0000000748700000, 0x0000000748700000| Untracked 
| 100|0x0000000748800000, 0x0000000748800000, 0x0000000748900000|  0%| F|  |TAMS 0x0000000748800000, 0x0000000748800000| Untracked 
| 101|0x0000000748900000, 0x0000000748900000, 0x0000000748a00000|  0%| F|  |TAMS 0x0000000748900000, 0x0000000748900000| Untracked 
| 102|0x0000000748a00000, 0x0000000748a00000, 0x0000000748b00000|  0%| F|  |TAMS 0x0000000748a00000, 0x0000000748a00000| Untracked 
| 103|0x0000000748b00000, 0x0000000748b00000, 0x0000000748c00000|  0%| F|  |TAMS 0x0000000748b00000, 0x0000000748b00000| Untracked 
| 104|0x0000000748c00000, 0x0000000748c00000, 0x0000000748d00000|  0%| F|  |TAMS 0x0000000748c00000, 0x0000000748c00000| Untracked 
| 105|0x0000000748d00000, 0x0000000748d00000, 0x0000000748e00000|  0%| F|  |TAMS 0x0000000748d00000, 0x0000000748d00000| Untracked 
| 106|0x0000000748e00000, 0x0000000748e00000, 0x0000000748f00000|  0%| F|  |TAMS 0x0000000748e00000, 0x0000000748e00000| Untracked 
| 107|0x0000000748f00000, 0x0000000748f00000, 0x0000000749000000|  0%| F|  |TAMS 0x0000000748f00000, 0x0000000748f00000| Untracked 
| 108|0x0000000749000000, 0x0000000749000000, 0x0000000749100000|  0%| F|  |TAMS 0x0000000749000000, 0x0000000749000000| Untracked 
| 109|0x0000000749100000, 0x0000000749100000, 0x0000000749200000|  0%| F|  |TAMS 0x0000000749100000, 0x0000000749100000| Untracked 
| 110|0x0000000749200000, 0x0000000749200000, 0x0000000749300000|  0%| F|  |TAMS 0x0000000749200000, 0x0000000749200000| Untracked 
| 111|0x0000000749300000, 0x0000000749300000, 0x0000000749400000|  0%| F|  |TAMS 0x0000000749300000, 0x0000000749300000| Untracked 
| 112|0x0000000749400000, 0x0000000749400000, 0x0000000749500000|  0%| F|  |TAMS 0x0000000749400000, 0x0000000749400000| Untracked 
| 113|0x0000000749500000, 0x0000000749500000, 0x0000000749600000|  0%| F|  |TAMS 0x0000000749500000, 0x0000000749500000| Untracked 
| 114|0x0000000749600000, 0x0000000749600000, 0x0000000749700000|  0%| F|  |TAMS 0x0000000749600000, 0x0000000749600000| Untracked 
| 115|0x0000000749700000, 0x0000000749700000, 0x0000000749800000|  0%| F|  |TAMS 0x0000000749700000, 0x0000000749700000| Untracked 
| 116|0x0000000749800000, 0x0000000749800000, 0x0000000749900000|  0%| F|  |TAMS 0x0000000749800000, 0x0000000749800000| Untracked 
| 117|0x0000000749900000, 0x0000000749900000, 0x0000000749a00000|  0%| F|  |TAMS 0x0000000749900000, 0x0000000749900000| Untracked 
| 118|0x0000000749a00000, 0x0000000749a00000, 0x0000000749b00000|  0%| F|  |TAMS 0x0000000749a00000, 0x0000000749a00000| Untracked 
| 119|0x0000000749b00000, 0x0000000749b00000, 0x0000000749c00000|  0%| F|  |TAMS 0x0000000749b00000, 0x0000000749b00000| Untracked 
| 120|0x0000000749c00000, 0x0000000749c00000, 0x0000000749d00000|  0%| F|  |TAMS 0x0000000749c00000, 0x0000000749c00000| Untracked 
| 121|0x0000000749d00000, 0x0000000749d00000, 0x0000000749e00000|  0%| F|  |TAMS 0x0000000749d00000, 0x0000000749d00000| Untracked 
| 122|0x0000000749e00000, 0x0000000749e00000, 0x0000000749f00000|  0%| F|  |TAMS 0x0000000749e00000, 0x0000000749e00000| Untracked 
| 123|0x0000000749f00000, 0x0000000749f00000, 0x000000074a000000|  0%| F|  |TAMS 0x0000000749f00000, 0x0000000749f00000| Untracked 
| 124|0x000000074a000000, 0x000000074a000000, 0x000000074a100000|  0%| F|  |TAMS 0x000000074a000000, 0x000000074a000000| Untracked 
| 125|0x000000074a100000, 0x000000074a100000, 0x000000074a200000|  0%| F|  |TAMS 0x000000074a100000, 0x000000074a100000| Untracked 
| 126|0x000000074a200000, 0x000000074a200000, 0x000000074a300000|  0%| F|  |TAMS 0x000000074a200000, 0x000000074a200000| Untracked 
| 127|0x000000074a300000, 0x000000074a300000, 0x000000074a400000|  0%| F|  |TAMS 0x000000074a300000, 0x000000074a300000| Untracked 
| 128|0x000000074a400000, 0x000000074a400000, 0x000000074a500000|  0%| F|  |TAMS 0x000000074a400000, 0x000000074a400000| Untracked 
| 129|0x000000074a500000, 0x000000074a500000, 0x000000074a600000|  0%| F|  |TAMS 0x000000074a500000, 0x000000074a500000| Untracked 
| 130|0x000000074a600000, 0x000000074a600000, 0x000000074a700000|  0%| F|  |TAMS 0x000000074a600000, 0x000000074a600000| Untracked 
| 131|0x000000074a700000, 0x000000074a700000, 0x000000074a800000|  0%| F|  |TAMS 0x000000074a700000, 0x000000074a700000| Untracked 
| 132|0x000000074a800000, 0x000000074a800000, 0x000000074a900000|  0%| F|  |TAMS 0x000000074a800000, 0x000000074a800000| Untracked 
| 133|0x000000074a900000, 0x000000074a900000, 0x000000074aa00000|  0%| F|  |TAMS 0x000000074a900000, 0x000000074a900000| Untracked 
| 134|0x000000074aa00000, 0x000000074aa00000, 0x000000074ab00000|  0%| F|  |TAMS 0x000000074aa00000, 0x000000074aa00000| Untracked 
| 135|0x000000074ab00000, 0x000000074ab00000, 0x000000074ac00000|  0%| F|  |TAMS 0x000000074ab00000, 0x000000074ab00000| Untracked 
| 136|0x000000074ac00000, 0x000000074ac00000, 0x000000074ad00000|  0%| F|  |TAMS 0x000000074ac00000, 0x000000074ac00000| Untracked 
| 137|0x000000074ad00000, 0x000000074ad00000, 0x000000074ae00000|  0%| F|  |TAMS 0x000000074ad00000, 0x000000074ad00000| Untracked 
| 138|0x000000074ae00000, 0x000000074ae00000, 0x000000074af00000|  0%| F|  |TAMS 0x000000074ae00000, 0x000000074ae00000| Untracked 
| 139|0x000000074af00000, 0x000000074af00000, 0x000000074b000000|  0%| F|  |TAMS 0x000000074af00000, 0x000000074af00000| Untracked 
| 140|0x000000074b000000, 0x000000074b000000, 0x000000074b100000|  0%| F|  |TAMS 0x000000074b000000, 0x000000074b000000| Untracked 
| 141|0x000000074b100000, 0x000000074b100000, 0x000000074b200000|  0%| F|  |TAMS 0x000000074b100000, 0x000000074b100000| Untracked 
| 142|0x000000074b200000, 0x000000074b200000, 0x000000074b300000|  0%| F|  |TAMS 0x000000074b200000, 0x000000074b200000| Untracked 
| 143|0x000000074b300000, 0x000000074b300000, 0x000000074b400000|  0%| F|  |TAMS 0x000000074b300000, 0x000000074b300000| Untracked 
| 144|0x000000074b400000, 0x000000074b400000, 0x000000074b500000|  0%| F|  |TAMS 0x000000074b400000, 0x000000074b400000| Untracked 
| 145|0x000000074b500000, 0x000000074b500000, 0x000000074b600000|  0%| F|  |TAMS 0x000000074b500000, 0x000000074b500000| Untracked 
| 146|0x000000074b600000, 0x000000074b600000, 0x000000074b700000|  0%| F|  |TAMS 0x000000074b600000, 0x000000074b600000| Untracked 
| 147|0x000000074b700000, 0x000000074b700000, 0x000000074b800000|  0%| F|  |TAMS 0x000000074b700000, 0x000000074b700000| Untracked 
| 148|0x000000074b800000, 0x000000074b800000, 0x000000074b900000|  0%| F|  |TAMS 0x000000074b800000, 0x000000074b800000| Untracked 
| 149|0x000000074b900000, 0x000000074b900000, 0x000000074ba00000|  0%| F|  |TAMS 0x000000074b900000, 0x000000074b900000| Untracked 
| 150|0x000000074ba00000, 0x000000074ba00000, 0x000000074bb00000|  0%| F|  |TAMS 0x000000074ba00000, 0x000000074ba00000| Untracked 
| 151|0x000000074bb00000, 0x000000074bb00000, 0x000000074bc00000|  0%| F|  |TAMS 0x000000074bb00000, 0x000000074bb00000| Untracked 
| 152|0x000000074bc00000, 0x000000074bc00000, 0x000000074bd00000|  0%| F|  |TAMS 0x000000074bc00000, 0x000000074bc00000| Untracked 
| 153|0x000000074bd00000, 0x000000074bd00000, 0x000000074be00000|  0%| F|  |TAMS 0x000000074bd00000, 0x000000074bd00000| Untracked 
| 154|0x000000074be00000, 0x000000074be00000, 0x000000074bf00000|  0%| F|  |TAMS 0x000000074be00000, 0x000000074be00000| Untracked 
| 155|0x000000074bf00000, 0x000000074bf00000, 0x000000074c000000|  0%| F|  |TAMS 0x000000074bf00000, 0x000000074bf00000| Untracked 
| 156|0x000000074c000000, 0x000000074c000000, 0x000000074c100000|  0%| F|  |TAMS 0x000000074c000000, 0x000000074c000000| Untracked 
| 157|0x000000074c100000, 0x000000074c100000, 0x000000074c200000|  0%| F|  |TAMS 0x000000074c100000, 0x000000074c100000| Untracked 
| 158|0x000000074c200000, 0x000000074c200000, 0x000000074c300000|  0%| F|  |TAMS 0x000000074c200000, 0x000000074c200000| Untracked 
| 159|0x000000074c300000, 0x000000074c300000, 0x000000074c400000|  0%| F|  |TAMS 0x000000074c300000, 0x000000074c300000| Untracked 
| 160|0x000000074c400000, 0x000000074c400000, 0x000000074c500000|  0%| F|  |TAMS 0x000000074c400000, 0x000000074c400000| Untracked 
| 161|0x000000074c500000, 0x000000074c500000, 0x000000074c600000|  0%| F|  |TAMS 0x000000074c500000, 0x000000074c500000| Untracked 
| 162|0x000000074c600000, 0x000000074c600000, 0x000000074c700000|  0%| F|  |TAMS 0x000000074c600000, 0x000000074c600000| Untracked 
| 163|0x000000074c700000, 0x000000074c700000, 0x000000074c800000|  0%| F|  |TAMS 0x000000074c700000, 0x000000074c700000| Untracked 
| 164|0x000000074c800000, 0x000000074c800000, 0x000000074c900000|  0%| F|  |TAMS 0x000000074c800000, 0x000000074c800000| Untracked 
| 165|0x000000074c900000, 0x000000074c900000, 0x000000074ca00000|  0%| F|  |TAMS 0x000000074c900000, 0x000000074c900000| Untracked 
| 166|0x000000074ca00000, 0x000000074ca00000, 0x000000074cb00000|  0%| F|  |TAMS 0x000000074ca00000, 0x000000074ca00000| Untracked 
| 167|0x000000074cb00000, 0x000000074cb00000, 0x000000074cc00000|  0%| F|  |TAMS 0x000000074cb00000, 0x000000074cb00000| Untracked 
| 168|0x000000074cc00000, 0x000000074cc00000, 0x000000074cd00000|  0%| F|  |TAMS 0x000000074cc00000, 0x000000074cc00000| Untracked 
| 169|0x000000074cd00000, 0x000000074cd00000, 0x000000074ce00000|  0%| F|  |TAMS 0x000000074cd00000, 0x000000074cd00000| Untracked 
| 170|0x000000074ce00000, 0x000000074ce00000, 0x000000074cf00000|  0%| F|  |TAMS 0x000000074ce00000, 0x000000074ce00000| Untracked 
| 171|0x000000074cf00000, 0x000000074cf00000, 0x000000074d000000|  0%| F|  |TAMS 0x000000074cf00000, 0x000000074cf00000| Untracked 
| 172|0x000000074d000000, 0x000000074d000000, 0x000000074d100000|  0%| F|  |TAMS 0x000000074d000000, 0x000000074d000000| Untracked 
| 173|0x000000074d100000, 0x000000074d100000, 0x000000074d200000|  0%| F|  |TAMS 0x000000074d100000, 0x000000074d100000| Untracked 
| 174|0x000000074d200000, 0x000000074d200000, 0x000000074d300000|  0%| F|  |TAMS 0x000000074d200000, 0x000000074d200000| Untracked 
| 175|0x000000074d300000, 0x000000074d300000, 0x000000074d400000|  0%| F|  |TAMS 0x000000074d300000, 0x000000074d300000| Untracked 
| 176|0x000000074d400000, 0x000000074d400000, 0x000000074d500000|  0%| F|  |TAMS 0x000000074d400000, 0x000000074d400000| Untracked 
| 177|0x000000074d500000, 0x000000074d500000, 0x000000074d600000|  0%| F|  |TAMS 0x000000074d500000, 0x000000074d500000| Untracked 
| 178|0x000000074d600000, 0x000000074d600000, 0x000000074d700000|  0%| F|  |TAMS 0x000000074d600000, 0x000000074d600000| Untracked 
| 179|0x000000074d700000, 0x000000074d714010, 0x000000074d800000|  7%| S|CS|TAMS 0x000000074d700000, 0x000000074d700000| Complete 
| 180|0x000000074d800000, 0x000000074d900000, 0x000000074d900000|100%| S|CS|TAMS 0x000000074d800000, 0x000000074d800000| Complete 
| 181|0x000000074d900000, 0x000000074da00000, 0x000000074da00000|100%| S|CS|TAMS 0x000000074d900000, 0x000000074d900000| Complete 
| 182|0x000000074da00000, 0x000000074da00000, 0x000000074db00000|  0%| F|  |TAMS 0x000000074da00000, 0x000000074da00000| Untracked 
| 183|0x000000074db00000, 0x000000074db00000, 0x000000074dc00000|  0%| F|  |TAMS 0x000000074db00000, 0x000000074db00000| Untracked 
| 184|0x000000074dc00000, 0x000000074dc00000, 0x000000074dd00000|  0%| F|  |TAMS 0x000000074dc00000, 0x000000074dc00000| Untracked 
| 185|0x000000074dd00000, 0x000000074dd00000, 0x000000074de00000|  0%| F|  |TAMS 0x000000074dd00000, 0x000000074dd00000| Untracked 
| 186|0x000000074de00000, 0x000000074de00000, 0x000000074df00000|  0%| F|  |TAMS 0x000000074de00000, 0x000000074de00000| Untracked 
| 187|0x000000074df00000, 0x000000074df00000, 0x000000074e000000|  0%| F|  |TAMS 0x000000074df00000, 0x000000074df00000| Untracked 
| 188|0x000000074e000000, 0x000000074e000000, 0x000000074e100000|  0%| F|  |TAMS 0x000000074e000000, 0x000000074e000000| Untracked 
| 189|0x000000074e100000, 0x000000074e100000, 0x000000074e200000|  0%| F|  |TAMS 0x000000074e100000, 0x000000074e100000| Untracked 

Card table byte_map: [0x0000022d31dd0000,0x0000022d323c0000] _byte_map_base: 0x0000022d2e3be000

Marking Bits (Prev, Next): (CMBitMap*) 0x0000022d19db09f8, (CMBitMap*) 0x0000022d19db0a30
 Prev Bits: [0x0000022d329b0000, 0x0000022d35920000)
 Next Bits: [0x0000022d35920000, 0x0000022d38890000)

Polling page: 0x0000022d17cc0000

Metaspace:

Usage:
  Non-class:      9.69 MB capacity,     9.54 MB ( 99%) used,   128.77 KB (  1%) free+waste,    19.50 KB ( <1%) overhead. 
      Class:      1.11 MB capacity,     1.02 MB ( 92%) used,    86.29 KB (  8%) free+waste,     9.56 KB ( <1%) overhead. 
       Both:     10.80 MB capacity,    10.56 MB ( 98%) used,   215.05 KB (  2%) free+waste,    29.06 KB ( <1%) overhead. 

Virtual space:
  Non-class space:       18.00 MB reserved,       9.75 MB ( 54%) committed 
      Class space:        1.00 GB reserved,       1.13 MB ( <1%) committed 
             Both:        1.02 GB reserved,      10.88 MB (  1%) committed 

Chunk freelists:
   Non-Class:  63.00 KB
       Class:  15.00 KB
        Both:  78.00 KB

MaxMetaspaceSize: 17179869184.00 GB
CompressedClassSpaceSize: 1.00 GB
Initial GC threshold: 20.80 MB
Current GC threshold: 21.12 MB
CDS: off

CodeHeap 'non-profiled nmethods': size=120000Kb used=199Kb max_used=199Kb free=119800Kb
 bounds [0x0000022d29f80000, 0x0000022d2a1f0000, 0x0000022d314b0000]
CodeHeap 'profiled nmethods': size=120000Kb used=952Kb max_used=952Kb free=119047Kb
 bounds [0x0000022d22a50000, 0x0000022d22cc0000, 0x0000022d29f80000]
CodeHeap 'non-nmethods': size=5760Kb used=1127Kb max_used=1139Kb free=4632Kb
 bounds [0x0000022d224b0000, 0x0000022d22720000, 0x0000022d22a50000]
 total_blobs=1022 nmethods=643 adapters=292
 compilation: enabled
              stopped_count=0, restarted_count=0
 full_count=0

Compilation events (20 events):
Event: 12.621 Thread 0x0000022d3bba6800  634       4       java.lang.CharacterData::of (120 bytes)
Event: 12.621 Thread 0x0000022d3bbab000  633       3       java.util.ArrayList$Itr::next (66 bytes)
Event: 12.621 Thread 0x0000022d3bbab000 nmethod 633 0x0000022d22b38e90 code [0x0000022d22b390a0, 0x0000022d22b394c8]
Event: 12.621 Thread 0x0000022d3bbab000  635       3       java.util.Arrays::hashCode (56 bytes)
Event: 12.622 Thread 0x0000022d3bba6800 nmethod 634 0x0000022d29fb1410 code [0x0000022d29fb15a0, 0x0000022d29fb1618]
Event: 12.622 Thread 0x0000022d3bbab000 nmethod 635 0x0000022d22b39710 code [0x0000022d22b398e0, 0x0000022d22b39c28]
Event: 12.622 Thread 0x0000022d3bbab000  637       3       java.lang.StringBuilder::append (8 bytes)
Event: 12.622 Thread 0x0000022d3bbab000 nmethod 637 0x0000022d22b39d90 code [0x0000022d22b39f40, 0x0000022d22b3a088]
Event: 12.622 Thread 0x0000022d3bbab000  636       3       java.util.Objects::hash (5 bytes)
Event: 12.622 Thread 0x0000022d3bbab000 nmethod 636 0x0000022d22b3a110 code [0x0000022d22b3a2c0, 0x0000022d22b3a3c8]
Event: 12.623 Thread 0x0000022d3bbab000  639       3       jdk.internal.org.objectweb.asm.MethodWriter::visitLabel (321 bytes)
Event: 12.623 Thread 0x0000022d3bbab000 nmethod 639 0x0000022d22b3a490 code [0x0000022d22b3a6e0, 0x0000022d22b3b3c8]
Event: 12.623 Thread 0x0000022d3bbab000  640       1       java.lang.invoke.InfoFromMemberName::getReferenceKind (5 bytes)
Event: 12.623 Thread 0x0000022d3bbab000 nmethod 640 0x0000022d29fb1a10 code [0x0000022d29fb1bc0, 0x0000022d29fb1c78]
Event: 12.624 Thread 0x0000022d3bbab000  641       3       java.util.ArrayDeque::inc (12 bytes)
Event: 12.624 Thread 0x0000022d3bbab000 nmethod 641 0x0000022d22b3b690 code [0x0000022d22b3b840, 0x0000022d22b3b958]
Event: 12.624 Thread 0x0000022d3bbab000  642       3       java.util.zip.ZipFile$Source::getEntryPos (206 bytes)
Event: 12.625 Thread 0x0000022d3bbab000 nmethod 642 0x0000022d22b3ba10 code [0x0000022d22b3bca0, 0x0000022d22b3ca48]
Event: 12.625 Thread 0x0000022d3bbab000  643       3       java.security.CodeSource::getCertificates (98 bytes)
Event: 12.626 Thread 0x0000022d3bbab000 nmethod 643 0x0000022d22b3d110 code [0x0000022d22b3d380, 0x0000022d22b3df18]

GC Heap History (2 events):
Event: 12.629 GC heap before
{Heap before GC invocations=0 (full 0):
 garbage-first heap   total 194560K, used 6144K [0x0000000742400000, 0x0000000800000000)
  region size 1024K, 8 young (8192K), 0 survivors (0K)
 Metaspace       used 10813K, capacity 11058K, committed 11136K, reserved 1064960K
  class space    used 1041K, capacity 1137K, committed 1152K, reserved 1048576K
}
Event: 12.634 GC heap after
{Heap after GC invocations=1 (full 0):
 garbage-first heap   total 194560K, used 2128K [0x0000000742400000, 0x0000000800000000)
  region size 1024K, 3 young (3072K), 3 survivors (3072K)
 Metaspace       used 10813K, capacity 11058K, committed 11136K, reserved 1064960K
  class space    used 1041K, capacity 1137K, committed 1152K, reserved 1048576K
}

Deoptimization events (20 events):
Event: 12.447 Thread 0x0000022d19d5d000 Uncommon trap: trap_request=0xffffffc6 fr.pc=0x0000022d29f89314 relative=0x0000000000000074
Event: 12.447 Thread 0x0000022d19d5d000 Uncommon trap: reason=bimorphic_or_optimized_type_check action=maybe_recompile pc=0x0000022d29f89314 method=java.util.AbstractCollection.isEmpty()Z @ 1 c2
Event: 12.447 Thread 0x0000022d19d5d000 DEOPT PACKING pc=0x0000022d29f89314 sp=0x0000007f43afdd50
Event: 12.447 Thread 0x0000022d19d5d000 DEOPT UNPACKING pc=0x0000022d224fa1af sp=0x0000007f43afdce0 mode 2
Event: 12.447 Thread 0x0000022d19d5d000 Uncommon trap: trap_request=0xffffffc6 fr.pc=0x0000022d29f89314 relative=0x0000000000000074
Event: 12.447 Thread 0x0000022d19d5d000 Uncommon trap: reason=bimorphic_or_optimized_type_check action=maybe_recompile pc=0x0000022d29f89314 method=java.util.AbstractCollection.isEmpty()Z @ 1 c2
Event: 12.447 Thread 0x0000022d19d5d000 DEOPT PACKING pc=0x0000022d29f89314 sp=0x0000007f43afdf20
Event: 12.448 Thread 0x0000022d19d5d000 DEOPT UNPACKING pc=0x0000022d224fa1af sp=0x0000007f43afdeb0 mode 2
Event: 12.448 Thread 0x0000022d19d5d000 Uncommon trap: trap_request=0xffffffc6 fr.pc=0x0000022d29f89314 relative=0x0000000000000074
Event: 12.448 Thread 0x0000022d19d5d000 Uncommon trap: reason=bimorphic_or_optimized_type_check action=maybe_recompile pc=0x0000022d29f89314 method=java.util.AbstractCollection.isEmpty()Z @ 1 c2
Event: 12.448 Thread 0x0000022d19d5d000 DEOPT PACKING pc=0x0000022d29f89314 sp=0x0000007f43afdf10
Event: 12.448 Thread 0x0000022d19d5d000 DEOPT UNPACKING pc=0x0000022d224fa1af sp=0x0000007f43afdea0 mode 2
Event: 12.449 Thread 0x0000022d19d5d000 Uncommon trap: trap_request=0xffffffc6 fr.pc=0x0000022d29f89314 relative=0x0000000000000074
Event: 12.449 Thread 0x0000022d19d5d000 Uncommon trap: reason=bimorphic_or_optimized_type_check action=maybe_recompile pc=0x0000022d29f89314 method=java.util.AbstractCollection.isEmpty()Z @ 1 c2
Event: 12.449 Thread 0x0000022d19d5d000 DEOPT PACKING pc=0x0000022d29f89314 sp=0x0000007f43afdd40
Event: 12.449 Thread 0x0000022d19d5d000 DEOPT UNPACKING pc=0x0000022d224fa1af sp=0x0000007f43afdcd0 mode 2
Event: 12.620 Thread 0x0000022d19d5d000 Uncommon trap: trap_request=0xffffff4d fr.pc=0x0000022d29f8dd3c relative=0x0000000000000cbc
Event: 12.620 Thread 0x0000022d19d5d000 Uncommon trap: reason=unstable_if action=reinterpret pc=0x0000022d29f8dd3c method=java.util.HashMap.putVal(ILjava/lang/Object;Ljava/lang/Object;ZZ)Ljava/lang/Object; @ 181 c2
Event: 12.620 Thread 0x0000022d19d5d000 DEOPT PACKING pc=0x0000022d29f8dd3c sp=0x0000007f43afe5a0
Event: 12.620 Thread 0x0000022d19d5d000 DEOPT UNPACKING pc=0x0000022d224fa1af sp=0x0000007f43afe540 mode 2

Classes redefined (0 events):
No events

Internal exceptions (7 events):
Event: 12.521 Thread 0x0000022d19d5d000 Exception <a 'java/lang/NoSuchMethodError'{0x000000074dc64d18}: 'java.lang.Object java.lang.invoke.DirectMethodHandle$Holder.invokeVirtual(java.lang.Object, java.lang.Object, java.lang.Object, java.lang.Object)'> (0x000000074dc64d18) thrown at [./src/hotspot/share/interpreter/linkResolver.cpp, line 773]
Event: 12.533 Thread 0x0000022d19d5d000 Exception <a 'java/lang/NoSuchMethodError'{0x000000074db3d560}: 'int java.lang.invoke.DirectMethodHandle$Holder.invokeStaticInit(java.lang.Object, java.lang.Object, java.lang.Object, java.lang.Object)'> (0x000000074db3d560) thrown at [./src/hotspot/share/interpreter/linkResolver.cpp, line 773]
Event: 12.535 Thread 0x0000022d19d5d000 Exception <a 'java/lang/IncompatibleClassChangeError'{0x000000074db468a8}: Found class java.lang.Object, but interface was expected> (0x000000074db468a8) thrown at [./src/hotspot/share/interpreter/linkResolver.cpp, line 839]
Event: 12.536 Thread 0x0000022d19d5d000 Exception <a 'java/lang/NoSuchMethodError'{0x000000074db497b0}: 'void java.lang.invoke.DirectMethodHandle$Holder.invokeStaticInit(java.lang.Object, java.lang.Object)'> (0x000000074db497b0) thrown at [./src/hotspot/share/interpreter/linkResolver.cpp, line 773]
Event: 12.537 Thread 0x0000022d19d5d000 Exception <a 'java/lang/NoSuchMethodError'{0x000000074db4e988}: 'int java.lang.invoke.DirectMethodHandle$Holder.invokeStaticInit(java.lang.Object, java.lang.Object)'> (0x000000074db4e988) thrown at [./src/hotspot/share/interpreter/linkResolver.cpp, line 773]
Event: 12.578 Thread 0x0000022d19d5d000 Exception <a 'java/lang/NoSuchMethodError'{0x000000074da2bf80}: 'java.lang.Object java.lang.invoke.DirectMethodHandle$Holder.invokeStaticInit(java.lang.Object, java.lang.Object, java.lang.Object)'> (0x000000074da2bf80) thrown at [./src/hotspot/share/interpreter/linkResolver.cpp, line 773]
Event: 12.623 Thread 0x0000022d19d5d000 Exception <a 'java/lang/NoSuchMethodError'{0x000000074dae4848}: 'java.lang.Object java.lang.invoke.DirectMethodHandle$Holder.invokeStaticInit(java.lang.Object, int, int, int, int)'> (0x000000074dae4848) thrown at [./src/hotspot/share/interpreter/linkResolver.cpp, line 773]

Events (20 events):
Event: 12.625 loading class sun/security/provider/AbstractDrbg$SeederHolder
Event: 12.625 loading class sun/security/provider/AbstractDrbg$SeederHolder done
Event: 12.625 loading class sun/security/provider/SeedGenerator
Event: 12.625 loading class sun/security/provider/SeedGenerator done
Event: 12.625 loading class sun/security/provider/NativeSeedGenerator
Event: 12.625 loading class sun/security/provider/NativeSeedGenerator done
Event: 12.627 loading class java/security/MessageDigest
Event: 12.627 loading class java/security/MessageDigestSpi
Event: 12.627 loading class java/security/MessageDigestSpi done
Event: 12.627 loading class java/security/MessageDigest done
Event: 12.628 loading class sun/security/jca/GetInstance
Event: 12.628 loading class sun/security/jca/GetInstance done
Event: 12.628 loading class sun/security/provider/SHA
Event: 12.628 loading class sun/security/provider/DigestBase
Event: 12.628 loading class sun/security/provider/DigestBase done
Event: 12.628 loading class sun/security/provider/SHA done
Event: 12.628 loading class sun/security/jca/GetInstance$Instance
Event: 12.628 loading class sun/security/jca/GetInstance$Instance done
Event: 12.628 loading class java/security/MessageDigest$Delegate
Event: 12.628 Executing VM operation: CollectForMetadataAllocation


Dynamic libraries:
0x00007ff611f90000 - 0x00007ff611f9d000 	C:\Users\User\.jdks\corretto-11.0.16.1\bin\java.exe
0x00007ffea4ed0000 - 0x00007ffea50e7000 	C:\WINDOWS\SYSTEM32\ntdll.dll
0x00007ffea41f0000 - 0x00007ffea42b4000 	C:\WINDOWS\System32\KERNEL32.DLL
0x00007ffea2640000 - 0x00007ffea29e7000 	C:\WINDOWS\System32\KERNELBASE.dll
0x00007ffea2520000 - 0x00007ffea2631000 	C:\WINDOWS\System32\ucrtbase.dll
0x00007ffe9b610000 - 0x00007ffe9b627000 	C:\Users\User\.jdks\corretto-11.0.16.1\bin\jli.dll
0x00007ffe9b3b0000 - 0x00007ffe9b3c9000 	C:\Users\User\.jdks\corretto-11.0.16.1\bin\VCRUNTIME140.dll
0x00007ffea4040000 - 0x00007ffea41ee000 	C:\WINDOWS\System32\USER32.dll
0x00007ffe84100000 - 0x00007ffe84393000 	C:\WINDOWS\WinSxS\amd64_microsoft.windows.common-controls_6595b64144ccf1df_6.0.22621.3527_none_270e469b73872a76\COMCTL32.dll
0x00007ffea2390000 - 0x00007ffea23b6000 	C:\WINDOWS\System32\win32u.dll
0x00007ffea4d10000 - 0x00007ffea4db7000 	C:\WINDOWS\System32\msvcrt.dll
0x00007ffea3ef0000 - 0x00007ffea3f19000 	C:\WINDOWS\System32\GDI32.dll
0x00007ffea2270000 - 0x00007ffea2389000 	C:\WINDOWS\System32\gdi32full.dll
0x00007ffea2480000 - 0x00007ffea251a000 	C:\WINDOWS\System32\msvcp_win.dll
0x00007ffea4dc0000 - 0x00007ffea4df1000 	C:\WINDOWS\System32\IMM32.DLL
0x00007ffe888f0000 - 0x00007ffe8898b000 	C:\Users\User\.jdks\corretto-11.0.16.1\bin\msvcp140.dll
0x00007ffe4ae20000 - 0x00007ffe4b9a4000 	C:\Users\User\.jdks\corretto-11.0.16.1\bin\server\jvm.dll
0x00007ffea42c0000 - 0x00007ffea4372000 	C:\WINDOWS\System32\ADVAPI32.dll
0x00007ffea4630000 - 0x00007ffea46d8000 	C:\WINDOWS\System32\sechost.dll
0x00007ffea29f0000 - 0x00007ffea2a18000 	C:\WINDOWS\System32\bcrypt.dll
0x00007ffea46e0000 - 0x00007ffea47f5000 	C:\WINDOWS\System32\RPCRT4.dll
0x00007ffea45a0000 - 0x00007ffea45a8000 	C:\WINDOWS\System32\PSAPI.DLL
0x00007ffe9ba10000 - 0x00007ffe9ba44000 	C:\WINDOWS\SYSTEM32\WINMM.dll
0x00007ffe82ab0000 - 0x00007ffe82ab9000 	C:\WINDOWS\SYSTEM32\WSOCK32.dll
0x00007ffe9ab80000 - 0x00007ffe9ab8a000 	C:\WINDOWS\SYSTEM32\VERSION.dll
0x00007ffea4e00000 - 0x00007ffea4e71000 	C:\WINDOWS\System32\WS2_32.dll
0x00007ffea11d0000 - 0x00007ffea11e8000 	C:\WINDOWS\SYSTEM32\kernel.appcore.dll
0x00007ffe9c920000 - 0x00007ffe9c930000 	C:\Users\User\.jdks\corretto-11.0.16.1\bin\verify.dll
0x00007ffe9f860000 - 0x00007ffe9fa92000 	C:\WINDOWS\SYSTEM32\DBGHELP.DLL
0x00007ffea4800000 - 0x00007ffea4b88000 	C:\WINDOWS\System32\combase.dll
0x00007ffea2c00000 - 0x00007ffea2cd7000 	C:\WINDOWS\System32\OLEAUT32.dll
0x00007ffe98d50000 - 0x00007ffe98d82000 	C:\WINDOWS\SYSTEM32\dbgcore.DLL
0x00007ffea21f0000 - 0x00007ffea2269000 	C:\WINDOWS\System32\bcryptPrimitives.dll
0x00007ffe96820000 - 0x00007ffe96848000 	C:\Users\User\.jdks\corretto-11.0.16.1\bin\java.dll
0x00007ffe9c6e0000 - 0x00007ffe9c6ea000 	C:\Users\User\.jdks\corretto-11.0.16.1\bin\jimage.dll
0x00007ffe996f0000 - 0x00007ffe996fe000 	C:\Users\User\.jdks\corretto-11.0.16.1\bin\instrument.dll
0x00007ffe90100000 - 0x00007ffe90118000 	C:\Users\User\.jdks\corretto-11.0.16.1\bin\zip.dll
0x00007ffea2d40000 - 0x00007ffea359c000 	C:\WINDOWS\System32\SHELL32.dll
0x00007ffea00e0000 - 0x00007ffea09d6000 	C:\WINDOWS\SYSTEM32\windows.storage.dll
0x00007ffe9ffa0000 - 0x00007ffea00de000 	C:\WINDOWS\SYSTEM32\wintypes.dll
0x00007ffea3f20000 - 0x00007ffea4015000 	C:\WINDOWS\System32\SHCORE.dll
0x00007ffea4540000 - 0x00007ffea459e000 	C:\WINDOWS\System32\shlwapi.dll
0x00007ffea2120000 - 0x00007ffea2141000 	C:\WINDOWS\SYSTEM32\profapi.dll
0x00007ffe900e0000 - 0x00007ffe900f9000 	C:\Users\User\.jdks\corretto-11.0.16.1\bin\net.dll
0x00007ffe9bca0000 - 0x00007ffe9bdd6000 	C:\WINDOWS\SYSTEM32\WINHTTP.dll
0x00007ffea1630000 - 0x00007ffea1699000 	C:\WINDOWS\system32\mswsock.dll
0x00007ffe900c0000 - 0x00007ffe900d3000 	C:\Users\User\.jdks\corretto-11.0.16.1\bin\nio.dll
0x00007ffe90080000 - 0x00007ffe9009a000 	C:\Program Files\JetBrains\IntelliJ IDEA Community Edition 2022.2.3\bin\breakgen64.dll
0x00007ffea0cb0000 - 0x00007ffea0da8000 	C:\WINDOWS\SYSTEM32\DNSAPI.dll
0x00007ffea0c40000 - 0x00007ffea0c6d000 	C:\WINDOWS\SYSTEM32\IPHLPAPI.DLL
0x00007ffea2d30000 - 0x00007ffea2d39000 	C:\WINDOWS\System32\NSI.dll
0x00007ffe8f730000 - 0x00007ffe8f73a000 	C:\Windows\System32\rasadhlp.dll
0x00007ffe9abb0000 - 0x00007ffe9ac33000 	C:\WINDOWS\System32\fwpuclnt.dll
0x00007ffe996e0000 - 0x00007ffe996e9000 	C:\Users\User\.jdks\corretto-11.0.16.1\bin\management.dll
0x00007ffe97fb0000 - 0x00007ffe97fbb000 	C:\Users\User\.jdks\corretto-11.0.16.1\bin\management_ext.dll
0x00007ffea1980000 - 0x00007ffea199b000 	C:\WINDOWS\SYSTEM32\CRYPTSP.dll
0x00007ffea1130000 - 0x00007ffea1165000 	C:\WINDOWS\system32\rsaenh.dll
0x00007ffea16d0000 - 0x00007ffea16f8000 	C:\WINDOWS\SYSTEM32\USERENV.dll
0x00007ffea1960000 - 0x00007ffea196c000 	C:\WINDOWS\SYSTEM32\CRYPTBASE.dll

dbghelp: loaded successfully - version: 4.0.5 - missing functions: none
symbol engine: initialized successfully - sym options: 0x614 - pdb path: .;C:\Users\User\.jdks\corretto-11.0.16.1\bin;C:\WINDOWS\SYSTEM32;C:\WINDOWS\WinSxS\amd64_microsoft.windows.common-controls_6595b64144ccf1df_6.0.22621.3527_none_270e469b73872a76;C:\Users\User\.jdks\corretto-11.0.16.1\bin\server;C:\Program Files\JetBrains\IntelliJ IDEA Community Edition 2022.2.3\bin

VM Arguments:
jvm_args: -javaagent:C:\Program Files\JetBrains\IntelliJ IDEA Community Edition 2022.2.3\lib\idea_rt.jar=54204:C:\Program Files\JetBrains\IntelliJ IDEA Community Edition 2022.2.3\bin -Dfile.encoding=UTF-8 
java_command: voting.AppRunner
java_class_path (initial): C:\Users\User\Desktop\VoitingSystem\target\classes;C:\Users\User\Downloads\postgresql-42.7.3.jar
Launcher Type: SUN_STANDARD

[Global flags]
     intx CICompilerCount                          = 4                                         {product} {ergonomic}
     uint ConcGCThreads                            = 2                                         {product} {ergonomic}
     uint G1ConcRefinementThreads                  = 8                                         {product} {ergonomic}
   size_t G1HeapRegionSize                         = 1048576                                   {product} {ergonomic}
    uintx GCDrainStackTargetSize                   = 64                                        {product} {ergonomic}
   size_t InitialHeapSize                          = 199229440                                 {product} {ergonomic}
   size_t MarkStackSize                            = 4194304                                   {product} {ergonomic}
   size_t MaxHeapSize                              = 3183476736                                {product} {ergonomic}
   size_t MaxNewSize                               = 1909456896                                {product} {ergonomic}
   size_t MinHeapDeltaBytes                        = 1048576                                   {product} {ergonomic}
    uintx NonNMethodCodeHeapSize                   = 5836300                                {pd product} {ergonomic}
    uintx NonProfiledCodeHeapSize                  = 122910970                              {pd product} {ergonomic}
    uintx ProfiledCodeHeapSize                     = 122910970                              {pd product} {ergonomic}
    uintx ReservedCodeCacheSize                    = 251658240                              {pd product} {ergonomic}
     bool SegmentedCodeCache                       = true                                      {product} {ergonomic}
     bool UseCompressedClassPointers               = true                                 {lp64_product} {ergonomic}
     bool UseCompressedOops                        = true                                 {lp64_product} {ergonomic}
     bool UseG1GC                                  = true                                      {product} {ergonomic}
     bool UseLargePagesIndividualAllocation        = false                                  {pd product} {ergonomic}

Logging:
Log output configuration:
 #0: stdout all=warning uptime,level,tags
 #1: stderr all=off uptime,level,tags

Environment Variables:
PATH=C:\Program Files (x86)\Common Files\Oracle\Java\javapath;C:\Windows\system32;C:\Windows;C:\Windows\System32\Wbem;C:\Windows\System32\WindowsPowerShell\v1.0\;C:\Windows\System32\OpenSSH\;C:\Program Files (x86)\NVIDIA Corporation\PhysX\Common;C:\Program Files\NVIDIA Corporation\NVIDIA NvDLISR;C:\Program Files (x86)\Common Files\Acronis\SnapAPI\;C:\WINDOWS\system32;C:\WINDOWS;C:\WINDOWS\System32\Wbem;C:\WINDOWS\System32\WindowsPowerShell\v1.0\;C:\WINDOWS\System32\OpenSSH\;C:\Program Files\Git\cmd;C:\Program Files\SafeNet\Authentication\SAC\x64;C:\Program Files\SafeNet\Authentication\SAC\x32;C:\Program Files\Docker\Docker\resources\bin;C:\Users\User\AppData\Local\Microsoft\WindowsApps;;C:\Program Files\JetBrains\IntelliJ IDEA Community Edition 2022.2.3\bin;
USERNAME=User
OS=Windows_NT
PROCESSOR_IDENTIFIER=Intel64 Family 6 Model 142 Stepping 11, GenuineIntel
TMP=C:\Users\User\AppData\Local\Temp
TEMP=C:\Users\User\AppData\Local\Temp



---------------  S Y S T E M  ---------------

OS: Windows 11 , 64 bit Build 22621 (10.0.22621.3527)
OS uptime: 2 days 4:22 hours
Hyper-V role detected

CPU:total 8 (initial active 8) (4 cores per cpu, 2 threads per core) family 6 model 142 stepping 11 microcode 0xde, cmov, cx8, fxsr, mmx, sse, sse2, sse3, ssse3, sse4.1, sse4.2, popcnt, avx, avx2, aes, clmul, erms, 3dnowpref, lzcnt, ht, tsc, tscinvbit, bmi1, bmi2, adx, fma

Memory: 4k page, system-wide physical 12136M (3387M free)
TotalPageFile size 12136M (AvailPageFile size 4M)
current process WorkingSet (physical memory assigned to process): 57M, peak: 57M
current process commit charge ("private bytes"): 280M, peak: 281M

vm_info: OpenJDK 64-Bit Server VM (11.0.16.1+9-LTS) for windows-amd64 JRE (11.0.16.1+9-LTS), built on Aug 12 2022 20:01:58 by "Administrator" with MS VC++ 15.9 (VS2017)

END.
